<?xml version="1.0" encoding="UTF-8"?>
<testng-results ignored="0" total="1" passed="1" failed="0" skipped="0">
  <reporter-output>
  </reporter-output>
  <suite started-at="2021-11-16T17:57:34 IST" name="Default suite" finished-at="2021-11-16T17:58:04 IST" duration-ms="30080">
    <groups>
    </groups>
    <test started-at="2021-11-16T17:57:34 IST" name="Default test" finished-at="2021-11-16T17:58:04 IST" duration-ms="30080">
      <class name="testNG.CrmTestCase05">
        <test-method is-config="true" signature="openApp()[pri:0, instance:testNG.CrmTestCase05@52102734]" started-at="2021-11-16T17:57:34 IST" name="openApp" finished-at="2021-11-16T17:57:41 IST" duration-ms="7631" status="PASS">
          <reporter-output>
          </reporter-output>
        </test-method> <!-- openApp -->
        <test-method signature="signIn()[pri:0, instance:testNG.CrmTestCase05@52102734]" started-at="2021-11-16T17:57:41 IST" name="signIn" finished-at="2021-11-16T17:58:03 IST" duration-ms="21486" status="PASS">
          <reporter-output>
          </reporter-output>
        </test-method> <!-- signIn -->
        <test-method is-config="true" signature="closeApp()[pri:0, instance:testNG.CrmTestCase05@52102734]" started-at="2021-11-16T17:58:03 IST" name="closeApp" finished-at="2021-11-16T17:58:04 IST" duration-ms="889" status="PASS">
          <reporter-output>
          </reporter-output>
        </test-method> <!-- closeApp -->
      </class> <!-- testNG.CrmTestCase05 -->
    </test> <!-- Default test -->
  </suite> <!-- Default suite -->
</testng-results>
