<?xml version="1.0" encoding="UTF-8"?>
<!-- Generated by org.testng.reporters.JUnitReportReporter -->
<testsuite hostname="DESKTOP-F7R8644" failures="0" tests="1" name="testNG.TestCase1" time="37.714" errors="0" timestamp="2021-10-08T12:37:41 IST" skipped="0">
  <testcase classname="testNG.TestCase1" name="login" time="37.714"/>
  <system-out>
    <![CDATA[Facebook – log in or sign up
https://en-gb.facebook.com/login/?privacy_mutation_token=eyJ0eXBlIjowLCJjcmVhdGlvbl90aW1lIjoxNjMzNjc2ODE2LCJjYWxsc2l0ZV9pZCI6MzgxMjI5MDc5NTc1OTQ2fQ%3D%3D]]>
  </system-out>
</testsuite> <!-- testNG.TestCase1 -->
